[2025-05-26T22:05:09.013+0300] {processor.py:161} INFO - Started process (PID=26351) to work on /home/imsim/currency_pipeline/airflow/dags/fetch_currency_data.py
[2025-05-26T22:05:09.014+0300] {processor.py:830} INFO - Processing file /home/imsim/currency_pipeline/airflow/dags/fetch_currency_data.py for tasks to queue
[2025-05-26T22:05:09.014+0300] {logging_mixin.py:188} INFO - [2025-05-26T22:05:09.014+0300] {dagbag.py:545} INFO - Filling up the DagBag from /home/imsim/currency_pipeline/airflow/dags/fetch_currency_data.py
[2025-05-26T22:05:09.021+0300] {processor.py:840} INFO - DAG(s) 'currency_etl_dag' retrieved from /home/imsim/currency_pipeline/airflow/dags/fetch_currency_data.py
[2025-05-26T22:05:09.099+0300] {logging_mixin.py:188} INFO - [2025-05-26T22:05:09.099+0300] {dag.py:3096} INFO - Sync 1 DAGs
[2025-05-26T22:05:09.116+0300] {logging_mixin.py:188} INFO - [2025-05-26T22:05:09.116+0300] {dag.py:3954} INFO - Setting next_dagrun for currency_etl_dag to 2025-05-26 19:00:00+00:00, run_after=2025-05-26 20:00:00+00:00
[2025-05-26T22:05:09.147+0300] {processor.py:183} INFO - Processing /home/imsim/currency_pipeline/airflow/dags/fetch_currency_data.py took 0.139 seconds
[2025-05-26T22:05:44.052+0300] {processor.py:161} INFO - Started process (PID=26394) to work on /home/imsim/currency_pipeline/airflow/dags/fetch_currency_data.py
[2025-05-26T22:05:44.053+0300] {processor.py:830} INFO - Processing file /home/imsim/currency_pipeline/airflow/dags/fetch_currency_data.py for tasks to queue
[2025-05-26T22:05:44.054+0300] {logging_mixin.py:188} INFO - [2025-05-26T22:05:44.053+0300] {dagbag.py:545} INFO - Filling up the DagBag from /home/imsim/currency_pipeline/airflow/dags/fetch_currency_data.py
[2025-05-26T22:05:44.071+0300] {processor.py:840} INFO - DAG(s) 'currency_etl_dag' retrieved from /home/imsim/currency_pipeline/airflow/dags/fetch_currency_data.py
[2025-05-26T22:05:44.085+0300] {logging_mixin.py:188} INFO - [2025-05-26T22:05:44.085+0300] {dag.py:3096} INFO - Sync 1 DAGs
[2025-05-26T22:05:44.103+0300] {logging_mixin.py:188} INFO - [2025-05-26T22:05:44.103+0300] {dag.py:3954} INFO - Setting next_dagrun for currency_etl_dag to 2025-05-26 19:00:00+00:00, run_after=2025-05-26 20:00:00+00:00
[2025-05-26T22:05:44.128+0300] {processor.py:183} INFO - Processing /home/imsim/currency_pipeline/airflow/dags/fetch_currency_data.py took 0.081 seconds
[2025-05-26T22:06:33.935+0300] {processor.py:161} INFO - Started process (PID=26452) to work on /home/imsim/currency_pipeline/airflow/dags/fetch_currency_data.py
[2025-05-26T22:06:33.937+0300] {processor.py:830} INFO - Processing file /home/imsim/currency_pipeline/airflow/dags/fetch_currency_data.py for tasks to queue
[2025-05-26T22:06:33.938+0300] {logging_mixin.py:188} INFO - [2025-05-26T22:06:33.938+0300] {dagbag.py:545} INFO - Filling up the DagBag from /home/imsim/currency_pipeline/airflow/dags/fetch_currency_data.py
[2025-05-26T22:06:33.955+0300] {processor.py:840} INFO - DAG(s) 'currency_etl_dag' retrieved from /home/imsim/currency_pipeline/airflow/dags/fetch_currency_data.py
[2025-05-26T22:06:33.965+0300] {logging_mixin.py:188} INFO - [2025-05-26T22:06:33.964+0300] {dag.py:3096} INFO - Sync 1 DAGs
[2025-05-26T22:06:33.993+0300] {logging_mixin.py:188} INFO - [2025-05-26T22:06:33.993+0300] {dag.py:3954} INFO - Setting next_dagrun for currency_etl_dag to 2025-05-26 19:00:00+00:00, run_after=2025-05-26 20:00:00+00:00
[2025-05-26T22:06:34.023+0300] {processor.py:183} INFO - Processing /home/imsim/currency_pipeline/airflow/dags/fetch_currency_data.py took 0.093 seconds
[2025-05-26T22:07:26.288+0300] {processor.py:161} INFO - Started process (PID=26514) to work on /home/imsim/currency_pipeline/airflow/dags/fetch_currency_data.py
[2025-05-26T22:07:26.296+0300] {processor.py:830} INFO - Processing file /home/imsim/currency_pipeline/airflow/dags/fetch_currency_data.py for tasks to queue
[2025-05-26T22:07:26.297+0300] {logging_mixin.py:188} INFO - [2025-05-26T22:07:26.297+0300] {dagbag.py:545} INFO - Filling up the DagBag from /home/imsim/currency_pipeline/airflow/dags/fetch_currency_data.py
[2025-05-26T22:07:26.310+0300] {processor.py:840} INFO - DAG(s) 'currency_etl_dag' retrieved from /home/imsim/currency_pipeline/airflow/dags/fetch_currency_data.py
[2025-05-26T22:07:26.386+0300] {logging_mixin.py:188} INFO - [2025-05-26T22:07:26.386+0300] {dag.py:3096} INFO - Sync 1 DAGs
[2025-05-26T22:07:26.401+0300] {logging_mixin.py:188} INFO - [2025-05-26T22:07:26.401+0300] {dag.py:3954} INFO - Setting next_dagrun for currency_etl_dag to 2025-05-26 19:00:00+00:00, run_after=2025-05-26 20:00:00+00:00
[2025-05-26T22:07:26.427+0300] {processor.py:183} INFO - Processing /home/imsim/currency_pipeline/airflow/dags/fetch_currency_data.py took 0.145 seconds
[2025-05-26T22:08:13.161+0300] {processor.py:161} INFO - Started process (PID=26572) to work on /home/imsim/currency_pipeline/airflow/dags/fetch_currency_data.py
[2025-05-26T22:08:13.170+0300] {processor.py:830} INFO - Processing file /home/imsim/currency_pipeline/airflow/dags/fetch_currency_data.py for tasks to queue
[2025-05-26T22:08:13.171+0300] {logging_mixin.py:188} INFO - [2025-05-26T22:08:13.170+0300] {dagbag.py:545} INFO - Filling up the DagBag from /home/imsim/currency_pipeline/airflow/dags/fetch_currency_data.py
[2025-05-26T22:08:13.183+0300] {processor.py:840} INFO - DAG(s) 'currency_etl_dag' retrieved from /home/imsim/currency_pipeline/airflow/dags/fetch_currency_data.py
[2025-05-26T22:08:13.196+0300] {logging_mixin.py:188} INFO - [2025-05-26T22:08:13.196+0300] {dag.py:3096} INFO - Sync 1 DAGs
[2025-05-26T22:08:13.214+0300] {logging_mixin.py:188} INFO - [2025-05-26T22:08:13.214+0300] {dag.py:3954} INFO - Setting next_dagrun for currency_etl_dag to 2025-05-26 19:00:00+00:00, run_after=2025-05-26 20:00:00+00:00
[2025-05-26T22:08:13.237+0300] {processor.py:183} INFO - Processing /home/imsim/currency_pipeline/airflow/dags/fetch_currency_data.py took 0.080 seconds
[2025-05-26T22:09:02.261+0300] {processor.py:161} INFO - Started process (PID=26629) to work on /home/imsim/currency_pipeline/airflow/dags/fetch_currency_data.py
[2025-05-26T22:09:02.269+0300] {processor.py:830} INFO - Processing file /home/imsim/currency_pipeline/airflow/dags/fetch_currency_data.py for tasks to queue
[2025-05-26T22:09:02.270+0300] {logging_mixin.py:188} INFO - [2025-05-26T22:09:02.270+0300] {dagbag.py:545} INFO - Filling up the DagBag from /home/imsim/currency_pipeline/airflow/dags/fetch_currency_data.py
[2025-05-26T22:09:02.282+0300] {processor.py:840} INFO - DAG(s) 'currency_etl_dag' retrieved from /home/imsim/currency_pipeline/airflow/dags/fetch_currency_data.py
[2025-05-26T22:09:02.289+0300] {logging_mixin.py:188} INFO - [2025-05-26T22:09:02.289+0300] {dag.py:3096} INFO - Sync 1 DAGs
[2025-05-26T22:09:02.307+0300] {logging_mixin.py:188} INFO - [2025-05-26T22:09:02.307+0300] {dag.py:3954} INFO - Setting next_dagrun for currency_etl_dag to 2025-05-26 19:00:00+00:00, run_after=2025-05-26 20:00:00+00:00
[2025-05-26T22:09:02.330+0300] {processor.py:183} INFO - Processing /home/imsim/currency_pipeline/airflow/dags/fetch_currency_data.py took 0.074 seconds
[2025-05-26T22:09:49.169+0300] {processor.py:161} INFO - Started process (PID=26687) to work on /home/imsim/currency_pipeline/airflow/dags/fetch_currency_data.py
[2025-05-26T22:09:49.173+0300] {processor.py:830} INFO - Processing file /home/imsim/currency_pipeline/airflow/dags/fetch_currency_data.py for tasks to queue
[2025-05-26T22:09:49.174+0300] {logging_mixin.py:188} INFO - [2025-05-26T22:09:49.174+0300] {dagbag.py:545} INFO - Filling up the DagBag from /home/imsim/currency_pipeline/airflow/dags/fetch_currency_data.py
[2025-05-26T22:09:49.190+0300] {processor.py:840} INFO - DAG(s) 'currency_etl_dag' retrieved from /home/imsim/currency_pipeline/airflow/dags/fetch_currency_data.py
[2025-05-26T22:09:49.265+0300] {logging_mixin.py:188} INFO - [2025-05-26T22:09:49.265+0300] {dag.py:3096} INFO - Sync 1 DAGs
[2025-05-26T22:09:49.279+0300] {logging_mixin.py:188} INFO - [2025-05-26T22:09:49.279+0300] {dag.py:3954} INFO - Setting next_dagrun for currency_etl_dag to 2025-05-26 19:00:00+00:00, run_after=2025-05-26 20:00:00+00:00
[2025-05-26T22:09:49.306+0300] {processor.py:183} INFO - Processing /home/imsim/currency_pipeline/airflow/dags/fetch_currency_data.py took 0.144 seconds
[2025-05-26T22:10:37.794+0300] {processor.py:161} INFO - Started process (PID=26745) to work on /home/imsim/currency_pipeline/airflow/dags/fetch_currency_data.py
[2025-05-26T22:10:37.803+0300] {processor.py:830} INFO - Processing file /home/imsim/currency_pipeline/airflow/dags/fetch_currency_data.py for tasks to queue
[2025-05-26T22:10:37.803+0300] {logging_mixin.py:188} INFO - [2025-05-26T22:10:37.803+0300] {dagbag.py:545} INFO - Filling up the DagBag from /home/imsim/currency_pipeline/airflow/dags/fetch_currency_data.py
[2025-05-26T22:10:37.817+0300] {processor.py:840} INFO - DAG(s) 'currency_etl_dag' retrieved from /home/imsim/currency_pipeline/airflow/dags/fetch_currency_data.py
[2025-05-26T22:10:37.830+0300] {logging_mixin.py:188} INFO - [2025-05-26T22:10:37.829+0300] {dag.py:3096} INFO - Sync 1 DAGs
[2025-05-26T22:10:37.849+0300] {logging_mixin.py:188} INFO - [2025-05-26T22:10:37.849+0300] {dag.py:3954} INFO - Setting next_dagrun for currency_etl_dag to 2025-05-26 19:00:00+00:00, run_after=2025-05-26 20:00:00+00:00
[2025-05-26T22:10:37.872+0300] {processor.py:183} INFO - Processing /home/imsim/currency_pipeline/airflow/dags/fetch_currency_data.py took 0.083 seconds
[2025-05-26T22:11:25.034+0300] {processor.py:161} INFO - Started process (PID=26803) to work on /home/imsim/currency_pipeline/airflow/dags/fetch_currency_data.py
[2025-05-26T22:11:25.043+0300] {processor.py:830} INFO - Processing file /home/imsim/currency_pipeline/airflow/dags/fetch_currency_data.py for tasks to queue
[2025-05-26T22:11:25.044+0300] {logging_mixin.py:188} INFO - [2025-05-26T22:11:25.044+0300] {dagbag.py:545} INFO - Filling up the DagBag from /home/imsim/currency_pipeline/airflow/dags/fetch_currency_data.py
[2025-05-26T22:11:25.058+0300] {processor.py:840} INFO - DAG(s) 'currency_etl_dag' retrieved from /home/imsim/currency_pipeline/airflow/dags/fetch_currency_data.py
[2025-05-26T22:11:25.065+0300] {logging_mixin.py:188} INFO - [2025-05-26T22:11:25.065+0300] {dag.py:3096} INFO - Sync 1 DAGs
[2025-05-26T22:11:25.084+0300] {logging_mixin.py:188} INFO - [2025-05-26T22:11:25.084+0300] {dag.py:3954} INFO - Setting next_dagrun for currency_etl_dag to 2025-05-26 19:00:00+00:00, run_after=2025-05-26 20:00:00+00:00
[2025-05-26T22:11:25.120+0300] {processor.py:183} INFO - Processing /home/imsim/currency_pipeline/airflow/dags/fetch_currency_data.py took 0.092 seconds
[2025-05-26T22:12:26.380+0300] {processor.py:161} INFO - Started process (PID=26874) to work on /home/imsim/currency_pipeline/airflow/dags/fetch_currency_data.py
[2025-05-26T22:12:26.381+0300] {processor.py:830} INFO - Processing file /home/imsim/currency_pipeline/airflow/dags/fetch_currency_data.py for tasks to queue
[2025-05-26T22:12:26.383+0300] {logging_mixin.py:188} INFO - [2025-05-26T22:12:26.383+0300] {dagbag.py:545} INFO - Filling up the DagBag from /home/imsim/currency_pipeline/airflow/dags/fetch_currency_data.py
[2025-05-26T22:12:26.405+0300] {processor.py:840} INFO - DAG(s) 'currency_etl_dag' retrieved from /home/imsim/currency_pipeline/airflow/dags/fetch_currency_data.py
[2025-05-26T22:12:26.411+0300] {logging_mixin.py:188} INFO - [2025-05-26T22:12:26.411+0300] {dag.py:3096} INFO - Sync 1 DAGs
[2025-05-26T22:12:26.430+0300] {logging_mixin.py:188} INFO - [2025-05-26T22:12:26.430+0300] {dag.py:3954} INFO - Setting next_dagrun for currency_etl_dag to 2025-05-26 19:00:00+00:00, run_after=2025-05-26 20:00:00+00:00
[2025-05-26T22:12:26.464+0300] {processor.py:183} INFO - Processing /home/imsim/currency_pipeline/airflow/dags/fetch_currency_data.py took 0.101 seconds
[2025-05-26T22:13:29.745+0300] {processor.py:161} INFO - Started process (PID=26960) to work on /home/imsim/currency_pipeline/airflow/dags/fetch_currency_data.py
[2025-05-26T22:13:29.755+0300] {processor.py:830} INFO - Processing file /home/imsim/currency_pipeline/airflow/dags/fetch_currency_data.py for tasks to queue
[2025-05-26T22:13:29.757+0300] {logging_mixin.py:188} INFO - [2025-05-26T22:13:29.757+0300] {dagbag.py:545} INFO - Filling up the DagBag from /home/imsim/currency_pipeline/airflow/dags/fetch_currency_data.py
[2025-05-26T22:13:29.773+0300] {processor.py:840} INFO - DAG(s) 'currency_etl_dag' retrieved from /home/imsim/currency_pipeline/airflow/dags/fetch_currency_data.py
[2025-05-26T22:13:29.854+0300] {logging_mixin.py:188} INFO - [2025-05-26T22:13:29.854+0300] {dag.py:3096} INFO - Sync 1 DAGs
[2025-05-26T22:13:29.870+0300] {logging_mixin.py:188} INFO - [2025-05-26T22:13:29.870+0300] {dag.py:3954} INFO - Setting next_dagrun for currency_etl_dag to 2025-05-26 19:00:00+00:00, run_after=2025-05-26 20:00:00+00:00
[2025-05-26T22:13:29.897+0300] {processor.py:183} INFO - Processing /home/imsim/currency_pipeline/airflow/dags/fetch_currency_data.py took 0.173 seconds
[2025-05-26T22:14:02.914+0300] {processor.py:161} INFO - Started process (PID=27010) to work on /home/imsim/currency_pipeline/airflow/dags/fetch_currency_data.py
[2025-05-26T22:14:02.915+0300] {processor.py:830} INFO - Processing file /home/imsim/currency_pipeline/airflow/dags/fetch_currency_data.py for tasks to queue
[2025-05-26T22:14:02.917+0300] {logging_mixin.py:188} INFO - [2025-05-26T22:14:02.917+0300] {dagbag.py:545} INFO - Filling up the DagBag from /home/imsim/currency_pipeline/airflow/dags/fetch_currency_data.py
[2025-05-26T22:14:02.930+0300] {processor.py:840} INFO - DAG(s) 'currency_etl_dag' retrieved from /home/imsim/currency_pipeline/airflow/dags/fetch_currency_data.py
[2025-05-26T22:14:02.942+0300] {logging_mixin.py:188} INFO - [2025-05-26T22:14:02.942+0300] {dag.py:3096} INFO - Sync 1 DAGs
[2025-05-26T22:14:02.961+0300] {logging_mixin.py:188} INFO - [2025-05-26T22:14:02.960+0300] {dag.py:3954} INFO - Setting next_dagrun for currency_etl_dag to 2025-05-26 19:00:00+00:00, run_after=2025-05-26 20:00:00+00:00
[2025-05-26T22:14:02.988+0300] {processor.py:183} INFO - Processing /home/imsim/currency_pipeline/airflow/dags/fetch_currency_data.py took 0.080 seconds
[2025-05-26T22:14:56.508+0300] {processor.py:161} INFO - Started process (PID=27079) to work on /home/imsim/currency_pipeline/airflow/dags/fetch_currency_data.py
[2025-05-26T22:14:56.518+0300] {processor.py:830} INFO - Processing file /home/imsim/currency_pipeline/airflow/dags/fetch_currency_data.py for tasks to queue
[2025-05-26T22:14:56.519+0300] {logging_mixin.py:188} INFO - [2025-05-26T22:14:56.519+0300] {dagbag.py:545} INFO - Filling up the DagBag from /home/imsim/currency_pipeline/airflow/dags/fetch_currency_data.py
[2025-05-26T22:14:56.532+0300] {processor.py:840} INFO - DAG(s) 'currency_etl_dag' retrieved from /home/imsim/currency_pipeline/airflow/dags/fetch_currency_data.py
[2025-05-26T22:14:56.608+0300] {logging_mixin.py:188} INFO - [2025-05-26T22:14:56.608+0300] {dag.py:3096} INFO - Sync 1 DAGs
[2025-05-26T22:14:56.623+0300] {logging_mixin.py:188} INFO - [2025-05-26T22:14:56.623+0300] {dag.py:3954} INFO - Setting next_dagrun for currency_etl_dag to 2025-05-26 19:00:00+00:00, run_after=2025-05-26 20:00:00+00:00
[2025-05-26T22:14:56.652+0300] {processor.py:183} INFO - Processing /home/imsim/currency_pipeline/airflow/dags/fetch_currency_data.py took 0.151 seconds
[2025-05-26T22:15:48.617+0300] {processor.py:161} INFO - Started process (PID=27134) to work on /home/imsim/currency_pipeline/airflow/dags/fetch_currency_data.py
[2025-05-26T22:15:48.627+0300] {processor.py:830} INFO - Processing file /home/imsim/currency_pipeline/airflow/dags/fetch_currency_data.py for tasks to queue
[2025-05-26T22:15:48.630+0300] {logging_mixin.py:188} INFO - [2025-05-26T22:15:48.629+0300] {dagbag.py:545} INFO - Filling up the DagBag from /home/imsim/currency_pipeline/airflow/dags/fetch_currency_data.py
[2025-05-26T22:15:48.645+0300] {processor.py:840} INFO - DAG(s) 'currency_etl_dag' retrieved from /home/imsim/currency_pipeline/airflow/dags/fetch_currency_data.py
[2025-05-26T22:15:48.658+0300] {logging_mixin.py:188} INFO - [2025-05-26T22:15:48.658+0300] {dag.py:3096} INFO - Sync 1 DAGs
[2025-05-26T22:15:48.677+0300] {logging_mixin.py:188} INFO - [2025-05-26T22:15:48.677+0300] {dag.py:3954} INFO - Setting next_dagrun for currency_etl_dag to 2025-05-26 19:00:00+00:00, run_after=2025-05-26 20:00:00+00:00
[2025-05-26T22:15:48.701+0300] {processor.py:183} INFO - Processing /home/imsim/currency_pipeline/airflow/dags/fetch_currency_data.py took 0.106 seconds
[2025-05-26T22:16:46.142+0300] {processor.py:161} INFO - Started process (PID=27214) to work on /home/imsim/currency_pipeline/airflow/dags/fetch_currency_data.py
[2025-05-26T22:16:46.144+0300] {processor.py:830} INFO - Processing file /home/imsim/currency_pipeline/airflow/dags/fetch_currency_data.py for tasks to queue
[2025-05-26T22:16:46.146+0300] {logging_mixin.py:188} INFO - [2025-05-26T22:16:46.145+0300] {dagbag.py:545} INFO - Filling up the DagBag from /home/imsim/currency_pipeline/airflow/dags/fetch_currency_data.py
[2025-05-26T22:16:46.160+0300] {processor.py:840} INFO - DAG(s) 'currency_etl_dag' retrieved from /home/imsim/currency_pipeline/airflow/dags/fetch_currency_data.py
[2025-05-26T22:16:46.246+0300] {logging_mixin.py:188} INFO - [2025-05-26T22:16:46.246+0300] {dag.py:3096} INFO - Sync 1 DAGs
[2025-05-26T22:16:46.262+0300] {logging_mixin.py:188} INFO - [2025-05-26T22:16:46.262+0300] {dag.py:3954} INFO - Setting next_dagrun for currency_etl_dag to 2025-05-26 19:00:00+00:00, run_after=2025-05-26 20:00:00+00:00
[2025-05-26T22:16:46.289+0300] {processor.py:183} INFO - Processing /home/imsim/currency_pipeline/airflow/dags/fetch_currency_data.py took 0.152 seconds
[2025-05-26T22:17:38.705+0300] {processor.py:161} INFO - Started process (PID=27286) to work on /home/imsim/currency_pipeline/airflow/dags/fetch_currency_data.py
[2025-05-26T22:17:38.714+0300] {processor.py:830} INFO - Processing file /home/imsim/currency_pipeline/airflow/dags/fetch_currency_data.py for tasks to queue
[2025-05-26T22:17:38.716+0300] {logging_mixin.py:188} INFO - [2025-05-26T22:17:38.716+0300] {dagbag.py:545} INFO - Filling up the DagBag from /home/imsim/currency_pipeline/airflow/dags/fetch_currency_data.py
[2025-05-26T22:17:38.736+0300] {processor.py:840} INFO - DAG(s) 'currency_etl_dag' retrieved from /home/imsim/currency_pipeline/airflow/dags/fetch_currency_data.py
[2025-05-26T22:17:38.753+0300] {logging_mixin.py:188} INFO - [2025-05-26T22:17:38.752+0300] {dag.py:3096} INFO - Sync 1 DAGs
[2025-05-26T22:17:38.775+0300] {logging_mixin.py:188} INFO - [2025-05-26T22:17:38.774+0300] {dag.py:3954} INFO - Setting next_dagrun for currency_etl_dag to 2025-05-26 19:00:00+00:00, run_after=2025-05-26 20:00:00+00:00
[2025-05-26T22:17:38.801+0300] {processor.py:183} INFO - Processing /home/imsim/currency_pipeline/airflow/dags/fetch_currency_data.py took 0.104 seconds
[2025-05-26T22:18:34.618+0300] {processor.py:161} INFO - Started process (PID=27372) to work on /home/imsim/currency_pipeline/airflow/dags/fetch_currency_data.py
[2025-05-26T22:18:34.626+0300] {processor.py:830} INFO - Processing file /home/imsim/currency_pipeline/airflow/dags/fetch_currency_data.py for tasks to queue
[2025-05-26T22:18:34.628+0300] {logging_mixin.py:188} INFO - [2025-05-26T22:18:34.627+0300] {dagbag.py:545} INFO - Filling up the DagBag from /home/imsim/currency_pipeline/airflow/dags/fetch_currency_data.py
[2025-05-26T22:18:34.641+0300] {processor.py:840} INFO - DAG(s) 'currency_etl_dag' retrieved from /home/imsim/currency_pipeline/airflow/dags/fetch_currency_data.py
[2025-05-26T22:18:34.718+0300] {logging_mixin.py:188} INFO - [2025-05-26T22:18:34.718+0300] {dag.py:3096} INFO - Sync 1 DAGs
[2025-05-26T22:18:34.733+0300] {logging_mixin.py:188} INFO - [2025-05-26T22:18:34.732+0300] {dag.py:3954} INFO - Setting next_dagrun for currency_etl_dag to 2025-05-26 19:00:00+00:00, run_after=2025-05-26 20:00:00+00:00
[2025-05-26T22:18:34.759+0300] {processor.py:183} INFO - Processing /home/imsim/currency_pipeline/airflow/dags/fetch_currency_data.py took 0.147 seconds
[2025-05-26T22:19:27.066+0300] {processor.py:161} INFO - Started process (PID=27433) to work on /home/imsim/currency_pipeline/airflow/dags/fetch_currency_data.py
[2025-05-26T22:19:27.075+0300] {processor.py:830} INFO - Processing file /home/imsim/currency_pipeline/airflow/dags/fetch_currency_data.py for tasks to queue
[2025-05-26T22:19:27.077+0300] {logging_mixin.py:188} INFO - [2025-05-26T22:19:27.076+0300] {dagbag.py:545} INFO - Filling up the DagBag from /home/imsim/currency_pipeline/airflow/dags/fetch_currency_data.py
[2025-05-26T22:19:27.093+0300] {processor.py:840} INFO - DAG(s) 'currency_etl_dag' retrieved from /home/imsim/currency_pipeline/airflow/dags/fetch_currency_data.py
[2025-05-26T22:19:27.107+0300] {logging_mixin.py:188} INFO - [2025-05-26T22:19:27.106+0300] {dag.py:3096} INFO - Sync 1 DAGs
[2025-05-26T22:19:27.129+0300] {logging_mixin.py:188} INFO - [2025-05-26T22:19:27.129+0300] {dag.py:3954} INFO - Setting next_dagrun for currency_etl_dag to 2025-05-26 19:00:00+00:00, run_after=2025-05-26 20:00:00+00:00
[2025-05-26T22:19:27.163+0300] {processor.py:183} INFO - Processing /home/imsim/currency_pipeline/airflow/dags/fetch_currency_data.py took 0.103 seconds
[2025-05-26T22:20:16.754+0300] {processor.py:161} INFO - Started process (PID=27493) to work on /home/imsim/currency_pipeline/airflow/dags/fetch_currency_data.py
[2025-05-26T22:20:16.764+0300] {processor.py:830} INFO - Processing file /home/imsim/currency_pipeline/airflow/dags/fetch_currency_data.py for tasks to queue
[2025-05-26T22:20:16.766+0300] {logging_mixin.py:188} INFO - [2025-05-26T22:20:16.765+0300] {dagbag.py:545} INFO - Filling up the DagBag from /home/imsim/currency_pipeline/airflow/dags/fetch_currency_data.py
[2025-05-26T22:20:16.779+0300] {processor.py:840} INFO - DAG(s) 'currency_etl_dag' retrieved from /home/imsim/currency_pipeline/airflow/dags/fetch_currency_data.py
[2025-05-26T22:20:16.854+0300] {logging_mixin.py:188} INFO - [2025-05-26T22:20:16.854+0300] {dag.py:3096} INFO - Sync 1 DAGs
[2025-05-26T22:20:16.868+0300] {logging_mixin.py:188} INFO - [2025-05-26T22:20:16.868+0300] {dag.py:3954} INFO - Setting next_dagrun for currency_etl_dag to 2025-05-26 19:00:00+00:00, run_after=2025-05-26 20:00:00+00:00
[2025-05-26T22:20:16.895+0300] {processor.py:183} INFO - Processing /home/imsim/currency_pipeline/airflow/dags/fetch_currency_data.py took 0.148 seconds
[2025-05-26T22:21:04.770+0300] {processor.py:161} INFO - Started process (PID=27550) to work on /home/imsim/currency_pipeline/airflow/dags/fetch_currency_data.py
[2025-05-26T22:21:04.780+0300] {processor.py:830} INFO - Processing file /home/imsim/currency_pipeline/airflow/dags/fetch_currency_data.py for tasks to queue
[2025-05-26T22:21:04.781+0300] {logging_mixin.py:188} INFO - [2025-05-26T22:21:04.781+0300] {dagbag.py:545} INFO - Filling up the DagBag from /home/imsim/currency_pipeline/airflow/dags/fetch_currency_data.py
[2025-05-26T22:21:04.794+0300] {processor.py:840} INFO - DAG(s) 'currency_etl_dag' retrieved from /home/imsim/currency_pipeline/airflow/dags/fetch_currency_data.py
[2025-05-26T22:21:04.807+0300] {logging_mixin.py:188} INFO - [2025-05-26T22:21:04.807+0300] {dag.py:3096} INFO - Sync 1 DAGs
[2025-05-26T22:21:04.825+0300] {logging_mixin.py:188} INFO - [2025-05-26T22:21:04.825+0300] {dag.py:3954} INFO - Setting next_dagrun for currency_etl_dag to 2025-05-26 19:00:00+00:00, run_after=2025-05-26 20:00:00+00:00
[2025-05-26T22:21:04.864+0300] {processor.py:183} INFO - Processing /home/imsim/currency_pipeline/airflow/dags/fetch_currency_data.py took 0.099 seconds
[2025-05-26T22:21:53.368+0300] {processor.py:161} INFO - Started process (PID=27607) to work on /home/imsim/currency_pipeline/airflow/dags/fetch_currency_data.py
[2025-05-26T22:21:53.378+0300] {processor.py:830} INFO - Processing file /home/imsim/currency_pipeline/airflow/dags/fetch_currency_data.py for tasks to queue
[2025-05-26T22:21:53.380+0300] {logging_mixin.py:188} INFO - [2025-05-26T22:21:53.379+0300] {dagbag.py:545} INFO - Filling up the DagBag from /home/imsim/currency_pipeline/airflow/dags/fetch_currency_data.py
[2025-05-26T22:21:53.392+0300] {processor.py:840} INFO - DAG(s) 'currency_etl_dag' retrieved from /home/imsim/currency_pipeline/airflow/dags/fetch_currency_data.py
[2025-05-26T22:21:53.473+0300] {logging_mixin.py:188} INFO - [2025-05-26T22:21:53.473+0300] {dag.py:3096} INFO - Sync 1 DAGs
[2025-05-26T22:21:53.489+0300] {logging_mixin.py:188} INFO - [2025-05-26T22:21:53.489+0300] {dag.py:3954} INFO - Setting next_dagrun for currency_etl_dag to 2025-05-26 19:00:00+00:00, run_after=2025-05-26 20:00:00+00:00
[2025-05-26T22:21:53.624+0300] {processor.py:183} INFO - Processing /home/imsim/currency_pipeline/airflow/dags/fetch_currency_data.py took 0.261 seconds
[2025-05-26T22:22:42.346+0300] {processor.py:161} INFO - Started process (PID=27664) to work on /home/imsim/currency_pipeline/airflow/dags/fetch_currency_data.py
[2025-05-26T22:22:42.356+0300] {processor.py:830} INFO - Processing file /home/imsim/currency_pipeline/airflow/dags/fetch_currency_data.py for tasks to queue
[2025-05-26T22:22:42.358+0300] {logging_mixin.py:188} INFO - [2025-05-26T22:22:42.357+0300] {dagbag.py:545} INFO - Filling up the DagBag from /home/imsim/currency_pipeline/airflow/dags/fetch_currency_data.py
[2025-05-26T22:22:42.372+0300] {processor.py:840} INFO - DAG(s) 'currency_etl_dag' retrieved from /home/imsim/currency_pipeline/airflow/dags/fetch_currency_data.py
[2025-05-26T22:22:42.388+0300] {logging_mixin.py:188} INFO - [2025-05-26T22:22:42.388+0300] {dag.py:3096} INFO - Sync 1 DAGs
[2025-05-26T22:22:42.405+0300] {logging_mixin.py:188} INFO - [2025-05-26T22:22:42.405+0300] {dag.py:3954} INFO - Setting next_dagrun for currency_etl_dag to 2025-05-26 19:00:00+00:00, run_after=2025-05-26 20:00:00+00:00
[2025-05-26T22:22:42.428+0300] {processor.py:183} INFO - Processing /home/imsim/currency_pipeline/airflow/dags/fetch_currency_data.py took 0.090 seconds
[2025-05-26T22:23:28.104+0300] {processor.py:161} INFO - Started process (PID=27721) to work on /home/imsim/currency_pipeline/airflow/dags/fetch_currency_data.py
[2025-05-26T22:23:28.114+0300] {processor.py:830} INFO - Processing file /home/imsim/currency_pipeline/airflow/dags/fetch_currency_data.py for tasks to queue
[2025-05-26T22:23:28.116+0300] {logging_mixin.py:188} INFO - [2025-05-26T22:23:28.115+0300] {dagbag.py:545} INFO - Filling up the DagBag from /home/imsim/currency_pipeline/airflow/dags/fetch_currency_data.py
[2025-05-26T22:23:28.127+0300] {processor.py:840} INFO - DAG(s) 'currency_etl_dag' retrieved from /home/imsim/currency_pipeline/airflow/dags/fetch_currency_data.py
[2025-05-26T22:23:28.200+0300] {logging_mixin.py:188} INFO - [2025-05-26T22:23:28.200+0300] {dag.py:3096} INFO - Sync 1 DAGs
[2025-05-26T22:23:28.216+0300] {logging_mixin.py:188} INFO - [2025-05-26T22:23:28.215+0300] {dag.py:3954} INFO - Setting next_dagrun for currency_etl_dag to 2025-05-26 19:00:00+00:00, run_after=2025-05-26 20:00:00+00:00
[2025-05-26T22:23:28.241+0300] {processor.py:183} INFO - Processing /home/imsim/currency_pipeline/airflow/dags/fetch_currency_data.py took 0.144 seconds
[2025-05-26T22:24:17.551+0300] {processor.py:161} INFO - Started process (PID=27778) to work on /home/imsim/currency_pipeline/airflow/dags/fetch_currency_data.py
[2025-05-26T22:24:17.559+0300] {processor.py:830} INFO - Processing file /home/imsim/currency_pipeline/airflow/dags/fetch_currency_data.py for tasks to queue
[2025-05-26T22:24:17.561+0300] {logging_mixin.py:188} INFO - [2025-05-26T22:24:17.561+0300] {dagbag.py:545} INFO - Filling up the DagBag from /home/imsim/currency_pipeline/airflow/dags/fetch_currency_data.py
[2025-05-26T22:24:17.573+0300] {processor.py:840} INFO - DAG(s) 'currency_etl_dag' retrieved from /home/imsim/currency_pipeline/airflow/dags/fetch_currency_data.py
[2025-05-26T22:24:17.586+0300] {logging_mixin.py:188} INFO - [2025-05-26T22:24:17.586+0300] {dag.py:3096} INFO - Sync 1 DAGs
[2025-05-26T22:24:17.608+0300] {logging_mixin.py:188} INFO - [2025-05-26T22:24:17.608+0300] {dag.py:3954} INFO - Setting next_dagrun for currency_etl_dag to 2025-05-26 19:00:00+00:00, run_after=2025-05-26 20:00:00+00:00
[2025-05-26T22:24:17.634+0300] {processor.py:183} INFO - Processing /home/imsim/currency_pipeline/airflow/dags/fetch_currency_data.py took 0.088 seconds
[2025-05-26T22:25:09.385+0300] {processor.py:161} INFO - Started process (PID=27841) to work on /home/imsim/currency_pipeline/airflow/dags/fetch_currency_data.py
[2025-05-26T22:25:09.387+0300] {processor.py:830} INFO - Processing file /home/imsim/currency_pipeline/airflow/dags/fetch_currency_data.py for tasks to queue
[2025-05-26T22:25:09.389+0300] {logging_mixin.py:188} INFO - [2025-05-26T22:25:09.389+0300] {dagbag.py:545} INFO - Filling up the DagBag from /home/imsim/currency_pipeline/airflow/dags/fetch_currency_data.py
[2025-05-26T22:25:09.404+0300] {processor.py:840} INFO - DAG(s) 'currency_etl_dag' retrieved from /home/imsim/currency_pipeline/airflow/dags/fetch_currency_data.py
[2025-05-26T22:25:09.480+0300] {logging_mixin.py:188} INFO - [2025-05-26T22:25:09.480+0300] {dag.py:3096} INFO - Sync 1 DAGs
[2025-05-26T22:25:09.495+0300] {logging_mixin.py:188} INFO - [2025-05-26T22:25:09.495+0300] {dag.py:3954} INFO - Setting next_dagrun for currency_etl_dag to 2025-05-26 19:00:00+00:00, run_after=2025-05-26 20:00:00+00:00
[2025-05-26T22:25:09.520+0300] {processor.py:183} INFO - Processing /home/imsim/currency_pipeline/airflow/dags/fetch_currency_data.py took 0.147 seconds
[2025-05-26T22:25:57.582+0300] {processor.py:161} INFO - Started process (PID=27897) to work on /home/imsim/currency_pipeline/airflow/dags/fetch_currency_data.py
[2025-05-26T22:25:57.591+0300] {processor.py:830} INFO - Processing file /home/imsim/currency_pipeline/airflow/dags/fetch_currency_data.py for tasks to queue
[2025-05-26T22:25:57.592+0300] {logging_mixin.py:188} INFO - [2025-05-26T22:25:57.592+0300] {dagbag.py:545} INFO - Filling up the DagBag from /home/imsim/currency_pipeline/airflow/dags/fetch_currency_data.py
[2025-05-26T22:25:57.604+0300] {processor.py:840} INFO - DAG(s) 'currency_etl_dag' retrieved from /home/imsim/currency_pipeline/airflow/dags/fetch_currency_data.py
[2025-05-26T22:25:57.616+0300] {logging_mixin.py:188} INFO - [2025-05-26T22:25:57.616+0300] {dag.py:3096} INFO - Sync 1 DAGs
[2025-05-26T22:25:57.633+0300] {logging_mixin.py:188} INFO - [2025-05-26T22:25:57.633+0300] {dag.py:3954} INFO - Setting next_dagrun for currency_etl_dag to 2025-05-26 19:00:00+00:00, run_after=2025-05-26 20:00:00+00:00
[2025-05-26T22:25:57.654+0300] {processor.py:183} INFO - Processing /home/imsim/currency_pipeline/airflow/dags/fetch_currency_data.py took 0.077 seconds
[2025-05-26T22:26:48.576+0300] {processor.py:161} INFO - Started process (PID=27955) to work on /home/imsim/currency_pipeline/airflow/dags/fetch_currency_data.py
[2025-05-26T22:26:48.585+0300] {processor.py:830} INFO - Processing file /home/imsim/currency_pipeline/airflow/dags/fetch_currency_data.py for tasks to queue
[2025-05-26T22:26:48.586+0300] {logging_mixin.py:188} INFO - [2025-05-26T22:26:48.586+0300] {dagbag.py:545} INFO - Filling up the DagBag from /home/imsim/currency_pipeline/airflow/dags/fetch_currency_data.py
[2025-05-26T22:26:48.598+0300] {processor.py:840} INFO - DAG(s) 'currency_etl_dag' retrieved from /home/imsim/currency_pipeline/airflow/dags/fetch_currency_data.py
[2025-05-26T22:26:48.672+0300] {logging_mixin.py:188} INFO - [2025-05-26T22:26:48.672+0300] {dag.py:3096} INFO - Sync 1 DAGs
[2025-05-26T22:26:48.688+0300] {logging_mixin.py:188} INFO - [2025-05-26T22:26:48.687+0300] {dag.py:3954} INFO - Setting next_dagrun for currency_etl_dag to 2025-05-26 19:00:00+00:00, run_after=2025-05-26 20:00:00+00:00
[2025-05-26T22:26:48.806+0300] {processor.py:183} INFO - Processing /home/imsim/currency_pipeline/airflow/dags/fetch_currency_data.py took 0.236 seconds
[2025-05-26T22:27:39.681+0300] {processor.py:161} INFO - Started process (PID=28015) to work on /home/imsim/currency_pipeline/airflow/dags/fetch_currency_data.py
[2025-05-26T22:27:39.691+0300] {processor.py:830} INFO - Processing file /home/imsim/currency_pipeline/airflow/dags/fetch_currency_data.py for tasks to queue
[2025-05-26T22:27:39.692+0300] {logging_mixin.py:188} INFO - [2025-05-26T22:27:39.692+0300] {dagbag.py:545} INFO - Filling up the DagBag from /home/imsim/currency_pipeline/airflow/dags/fetch_currency_data.py
[2025-05-26T22:27:39.703+0300] {processor.py:840} INFO - DAG(s) 'currency_etl_dag' retrieved from /home/imsim/currency_pipeline/airflow/dags/fetch_currency_data.py
[2025-05-26T22:27:39.716+0300] {logging_mixin.py:188} INFO - [2025-05-26T22:27:39.716+0300] {dag.py:3096} INFO - Sync 1 DAGs
[2025-05-26T22:27:39.733+0300] {logging_mixin.py:188} INFO - [2025-05-26T22:27:39.733+0300] {dag.py:3954} INFO - Setting next_dagrun for currency_etl_dag to 2025-05-26 19:00:00+00:00, run_after=2025-05-26 20:00:00+00:00
[2025-05-26T22:27:39.759+0300] {processor.py:183} INFO - Processing /home/imsim/currency_pipeline/airflow/dags/fetch_currency_data.py took 0.083 seconds
[2025-05-26T22:28:29.131+0300] {processor.py:161} INFO - Started process (PID=28075) to work on /home/imsim/currency_pipeline/airflow/dags/fetch_currency_data.py
[2025-05-26T22:28:29.140+0300] {processor.py:830} INFO - Processing file /home/imsim/currency_pipeline/airflow/dags/fetch_currency_data.py for tasks to queue
[2025-05-26T22:28:29.142+0300] {logging_mixin.py:188} INFO - [2025-05-26T22:28:29.141+0300] {dagbag.py:545} INFO - Filling up the DagBag from /home/imsim/currency_pipeline/airflow/dags/fetch_currency_data.py
[2025-05-26T22:28:29.153+0300] {processor.py:840} INFO - DAG(s) 'currency_etl_dag' retrieved from /home/imsim/currency_pipeline/airflow/dags/fetch_currency_data.py
[2025-05-26T22:28:29.312+0300] {logging_mixin.py:188} INFO - [2025-05-26T22:28:29.312+0300] {dag.py:3096} INFO - Sync 1 DAGs
[2025-05-26T22:28:29.328+0300] {logging_mixin.py:188} INFO - [2025-05-26T22:28:29.328+0300] {dag.py:3954} INFO - Setting next_dagrun for currency_etl_dag to 2025-05-26 19:00:00+00:00, run_after=2025-05-26 20:00:00+00:00
[2025-05-26T22:28:29.354+0300] {processor.py:183} INFO - Processing /home/imsim/currency_pipeline/airflow/dags/fetch_currency_data.py took 0.229 seconds
[2025-05-26T22:29:17.199+0300] {processor.py:161} INFO - Started process (PID=28134) to work on /home/imsim/currency_pipeline/airflow/dags/fetch_currency_data.py
[2025-05-26T22:29:17.209+0300] {processor.py:830} INFO - Processing file /home/imsim/currency_pipeline/airflow/dags/fetch_currency_data.py for tasks to queue
[2025-05-26T22:29:17.211+0300] {logging_mixin.py:188} INFO - [2025-05-26T22:29:17.211+0300] {dagbag.py:545} INFO - Filling up the DagBag from /home/imsim/currency_pipeline/airflow/dags/fetch_currency_data.py
[2025-05-26T22:29:17.223+0300] {processor.py:840} INFO - DAG(s) 'currency_etl_dag' retrieved from /home/imsim/currency_pipeline/airflow/dags/fetch_currency_data.py
[2025-05-26T22:29:17.237+0300] {logging_mixin.py:188} INFO - [2025-05-26T22:29:17.237+0300] {dag.py:3096} INFO - Sync 1 DAGs
[2025-05-26T22:29:17.257+0300] {logging_mixin.py:188} INFO - [2025-05-26T22:29:17.256+0300] {dag.py:3954} INFO - Setting next_dagrun for currency_etl_dag to 2025-05-26 19:00:00+00:00, run_after=2025-05-26 20:00:00+00:00
[2025-05-26T22:29:17.281+0300] {processor.py:183} INFO - Processing /home/imsim/currency_pipeline/airflow/dags/fetch_currency_data.py took 0.089 seconds
[2025-05-26T22:30:03.415+0300] {processor.py:161} INFO - Started process (PID=28190) to work on /home/imsim/currency_pipeline/airflow/dags/fetch_currency_data.py
[2025-05-26T22:30:03.425+0300] {processor.py:830} INFO - Processing file /home/imsim/currency_pipeline/airflow/dags/fetch_currency_data.py for tasks to queue
[2025-05-26T22:30:03.426+0300] {logging_mixin.py:188} INFO - [2025-05-26T22:30:03.426+0300] {dagbag.py:545} INFO - Filling up the DagBag from /home/imsim/currency_pipeline/airflow/dags/fetch_currency_data.py
[2025-05-26T22:30:03.438+0300] {processor.py:840} INFO - DAG(s) 'currency_etl_dag' retrieved from /home/imsim/currency_pipeline/airflow/dags/fetch_currency_data.py
[2025-05-26T22:30:03.599+0300] {logging_mixin.py:188} INFO - [2025-05-26T22:30:03.599+0300] {dag.py:3096} INFO - Sync 1 DAGs
[2025-05-26T22:30:03.613+0300] {logging_mixin.py:188} INFO - [2025-05-26T22:30:03.613+0300] {dag.py:3954} INFO - Setting next_dagrun for currency_etl_dag to 2025-05-26 19:00:00+00:00, run_after=2025-05-26 20:00:00+00:00
[2025-05-26T22:30:03.637+0300] {processor.py:183} INFO - Processing /home/imsim/currency_pipeline/airflow/dags/fetch_currency_data.py took 0.227 seconds
[2025-05-26T22:30:50.185+0300] {processor.py:161} INFO - Started process (PID=28245) to work on /home/imsim/currency_pipeline/airflow/dags/fetch_currency_data.py
[2025-05-26T22:30:50.189+0300] {processor.py:830} INFO - Processing file /home/imsim/currency_pipeline/airflow/dags/fetch_currency_data.py for tasks to queue
[2025-05-26T22:30:50.191+0300] {logging_mixin.py:188} INFO - [2025-05-26T22:30:50.191+0300] {dagbag.py:545} INFO - Filling up the DagBag from /home/imsim/currency_pipeline/airflow/dags/fetch_currency_data.py
[2025-05-26T22:30:50.202+0300] {processor.py:840} INFO - DAG(s) 'currency_etl_dag' retrieved from /home/imsim/currency_pipeline/airflow/dags/fetch_currency_data.py
[2025-05-26T22:30:50.215+0300] {logging_mixin.py:188} INFO - [2025-05-26T22:30:50.214+0300] {dag.py:3096} INFO - Sync 1 DAGs
[2025-05-26T22:30:50.233+0300] {logging_mixin.py:188} INFO - [2025-05-26T22:30:50.233+0300] {dag.py:3954} INFO - Setting next_dagrun for currency_etl_dag to 2025-05-26 19:00:00+00:00, run_after=2025-05-26 20:00:00+00:00
[2025-05-26T22:30:50.256+0300] {processor.py:183} INFO - Processing /home/imsim/currency_pipeline/airflow/dags/fetch_currency_data.py took 0.076 seconds
[2025-05-26T22:31:42.101+0300] {processor.py:161} INFO - Started process (PID=28305) to work on /home/imsim/currency_pipeline/airflow/dags/fetch_currency_data.py
[2025-05-26T22:31:42.109+0300] {processor.py:830} INFO - Processing file /home/imsim/currency_pipeline/airflow/dags/fetch_currency_data.py for tasks to queue
[2025-05-26T22:31:42.111+0300] {logging_mixin.py:188} INFO - [2025-05-26T22:31:42.111+0300] {dagbag.py:545} INFO - Filling up the DagBag from /home/imsim/currency_pipeline/airflow/dags/fetch_currency_data.py
[2025-05-26T22:31:42.126+0300] {processor.py:840} INFO - DAG(s) 'currency_etl_dag' retrieved from /home/imsim/currency_pipeline/airflow/dags/fetch_currency_data.py
[2025-05-26T22:31:42.199+0300] {logging_mixin.py:188} INFO - [2025-05-26T22:31:42.198+0300] {dag.py:3096} INFO - Sync 1 DAGs
[2025-05-26T22:31:42.213+0300] {logging_mixin.py:188} INFO - [2025-05-26T22:31:42.212+0300] {dag.py:3954} INFO - Setting next_dagrun for currency_etl_dag to 2025-05-26 19:00:00+00:00, run_after=2025-05-26 20:00:00+00:00
[2025-05-26T22:31:42.240+0300] {processor.py:183} INFO - Processing /home/imsim/currency_pipeline/airflow/dags/fetch_currency_data.py took 0.146 seconds
[2025-05-26T22:32:30.323+0300] {processor.py:161} INFO - Started process (PID=28369) to work on /home/imsim/currency_pipeline/airflow/dags/fetch_currency_data.py
[2025-05-26T22:32:30.332+0300] {processor.py:830} INFO - Processing file /home/imsim/currency_pipeline/airflow/dags/fetch_currency_data.py for tasks to queue
[2025-05-26T22:32:30.334+0300] {logging_mixin.py:188} INFO - [2025-05-26T22:32:30.333+0300] {dagbag.py:545} INFO - Filling up the DagBag from /home/imsim/currency_pipeline/airflow/dags/fetch_currency_data.py
[2025-05-26T22:32:30.347+0300] {processor.py:840} INFO - DAG(s) 'currency_etl_dag' retrieved from /home/imsim/currency_pipeline/airflow/dags/fetch_currency_data.py
[2025-05-26T22:32:30.360+0300] {logging_mixin.py:188} INFO - [2025-05-26T22:32:30.360+0300] {dag.py:3096} INFO - Sync 1 DAGs
[2025-05-26T22:32:30.377+0300] {logging_mixin.py:188} INFO - [2025-05-26T22:32:30.377+0300] {dag.py:3954} INFO - Setting next_dagrun for currency_etl_dag to 2025-05-26 19:00:00+00:00, run_after=2025-05-26 20:00:00+00:00
[2025-05-26T22:32:30.400+0300] {processor.py:183} INFO - Processing /home/imsim/currency_pipeline/airflow/dags/fetch_currency_data.py took 0.084 seconds
[2025-05-26T22:33:24.006+0300] {processor.py:161} INFO - Started process (PID=28444) to work on /home/imsim/currency_pipeline/airflow/dags/fetch_currency_data.py
[2025-05-26T22:33:24.012+0300] {processor.py:830} INFO - Processing file /home/imsim/currency_pipeline/airflow/dags/fetch_currency_data.py for tasks to queue
[2025-05-26T22:33:24.014+0300] {logging_mixin.py:188} INFO - [2025-05-26T22:33:24.013+0300] {dagbag.py:545} INFO - Filling up the DagBag from /home/imsim/currency_pipeline/airflow/dags/fetch_currency_data.py
[2025-05-26T22:33:24.033+0300] {processor.py:840} INFO - DAG(s) 'currency_etl_dag' retrieved from /home/imsim/currency_pipeline/airflow/dags/fetch_currency_data.py
[2025-05-26T22:33:24.129+0300] {logging_mixin.py:188} INFO - [2025-05-26T22:33:24.129+0300] {dag.py:3096} INFO - Sync 1 DAGs
[2025-05-26T22:33:24.262+0300] {logging_mixin.py:188} INFO - [2025-05-26T22:33:24.262+0300] {dag.py:3954} INFO - Setting next_dagrun for currency_etl_dag to 2025-05-26 19:00:00+00:00, run_after=2025-05-26 20:00:00+00:00
[2025-05-26T22:33:24.305+0300] {processor.py:183} INFO - Processing /home/imsim/currency_pipeline/airflow/dags/fetch_currency_data.py took 0.311 seconds
[2025-05-26T22:34:11.539+0300] {processor.py:161} INFO - Started process (PID=28502) to work on /home/imsim/currency_pipeline/airflow/dags/fetch_currency_data.py
[2025-05-26T22:34:11.548+0300] {processor.py:830} INFO - Processing file /home/imsim/currency_pipeline/airflow/dags/fetch_currency_data.py for tasks to queue
[2025-05-26T22:34:11.549+0300] {logging_mixin.py:188} INFO - [2025-05-26T22:34:11.549+0300] {dagbag.py:545} INFO - Filling up the DagBag from /home/imsim/currency_pipeline/airflow/dags/fetch_currency_data.py
[2025-05-26T22:34:11.560+0300] {processor.py:840} INFO - DAG(s) 'currency_etl_dag' retrieved from /home/imsim/currency_pipeline/airflow/dags/fetch_currency_data.py
[2025-05-26T22:34:11.572+0300] {logging_mixin.py:188} INFO - [2025-05-26T22:34:11.572+0300] {dag.py:3096} INFO - Sync 1 DAGs
[2025-05-26T22:34:11.589+0300] {logging_mixin.py:188} INFO - [2025-05-26T22:34:11.588+0300] {dag.py:3954} INFO - Setting next_dagrun for currency_etl_dag to 2025-05-26 19:00:00+00:00, run_after=2025-05-26 20:00:00+00:00
[2025-05-26T22:34:11.612+0300] {processor.py:183} INFO - Processing /home/imsim/currency_pipeline/airflow/dags/fetch_currency_data.py took 0.078 seconds
[2025-05-26T22:35:02.101+0300] {processor.py:161} INFO - Started process (PID=28559) to work on /home/imsim/currency_pipeline/airflow/dags/fetch_currency_data.py
[2025-05-26T22:35:02.110+0300] {processor.py:830} INFO - Processing file /home/imsim/currency_pipeline/airflow/dags/fetch_currency_data.py for tasks to queue
[2025-05-26T22:35:02.112+0300] {logging_mixin.py:188} INFO - [2025-05-26T22:35:02.112+0300] {dagbag.py:545} INFO - Filling up the DagBag from /home/imsim/currency_pipeline/airflow/dags/fetch_currency_data.py
[2025-05-26T22:35:02.128+0300] {processor.py:840} INFO - DAG(s) 'currency_etl_dag' retrieved from /home/imsim/currency_pipeline/airflow/dags/fetch_currency_data.py
[2025-05-26T22:35:02.287+0300] {logging_mixin.py:188} INFO - [2025-05-26T22:35:02.287+0300] {dag.py:3096} INFO - Sync 1 DAGs
[2025-05-26T22:35:02.305+0300] {logging_mixin.py:188} INFO - [2025-05-26T22:35:02.304+0300] {dag.py:3954} INFO - Setting next_dagrun for currency_etl_dag to 2025-05-26 19:00:00+00:00, run_after=2025-05-26 20:00:00+00:00
[2025-05-26T22:35:02.330+0300] {processor.py:183} INFO - Processing /home/imsim/currency_pipeline/airflow/dags/fetch_currency_data.py took 0.236 seconds
[2025-05-26T22:35:53.867+0300] {processor.py:161} INFO - Started process (PID=28633) to work on /home/imsim/currency_pipeline/airflow/dags/fetch_currency_data.py
[2025-05-26T22:35:53.872+0300] {processor.py:830} INFO - Processing file /home/imsim/currency_pipeline/airflow/dags/fetch_currency_data.py for tasks to queue
[2025-05-26T22:35:53.874+0300] {logging_mixin.py:188} INFO - [2025-05-26T22:35:53.873+0300] {dagbag.py:545} INFO - Filling up the DagBag from /home/imsim/currency_pipeline/airflow/dags/fetch_currency_data.py
[2025-05-26T22:35:53.885+0300] {processor.py:840} INFO - DAG(s) 'currency_etl_dag' retrieved from /home/imsim/currency_pipeline/airflow/dags/fetch_currency_data.py
[2025-05-26T22:35:53.897+0300] {logging_mixin.py:188} INFO - [2025-05-26T22:35:53.897+0300] {dag.py:3096} INFO - Sync 1 DAGs
[2025-05-26T22:35:53.915+0300] {logging_mixin.py:188} INFO - [2025-05-26T22:35:53.915+0300] {dag.py:3954} INFO - Setting next_dagrun for currency_etl_dag to 2025-05-26 19:00:00+00:00, run_after=2025-05-26 20:00:00+00:00
[2025-05-26T22:35:54.028+0300] {processor.py:183} INFO - Processing /home/imsim/currency_pipeline/airflow/dags/fetch_currency_data.py took 0.166 seconds
[2025-05-26T22:36:44.882+0300] {processor.py:161} INFO - Started process (PID=28694) to work on /home/imsim/currency_pipeline/airflow/dags/fetch_currency_data.py
[2025-05-26T22:36:44.892+0300] {processor.py:830} INFO - Processing file /home/imsim/currency_pipeline/airflow/dags/fetch_currency_data.py for tasks to queue
[2025-05-26T22:36:44.894+0300] {logging_mixin.py:188} INFO - [2025-05-26T22:36:44.893+0300] {dagbag.py:545} INFO - Filling up the DagBag from /home/imsim/currency_pipeline/airflow/dags/fetch_currency_data.py
[2025-05-26T22:36:44.905+0300] {processor.py:840} INFO - DAG(s) 'currency_etl_dag' retrieved from /home/imsim/currency_pipeline/airflow/dags/fetch_currency_data.py
[2025-05-26T22:36:45.071+0300] {logging_mixin.py:188} INFO - [2025-05-26T22:36:45.071+0300] {dag.py:3096} INFO - Sync 1 DAGs
[2025-05-26T22:36:45.085+0300] {logging_mixin.py:188} INFO - [2025-05-26T22:36:45.085+0300] {dag.py:3954} INFO - Setting next_dagrun for currency_etl_dag to 2025-05-26 19:00:00+00:00, run_after=2025-05-26 20:00:00+00:00
[2025-05-26T22:36:45.112+0300] {processor.py:183} INFO - Processing /home/imsim/currency_pipeline/airflow/dags/fetch_currency_data.py took 0.235 seconds
