[2025-05-26T18:42:48.192+0300] {local_task_job_runner.py:120} INFO - ::group::Pre task execution logs
[2025-05-26T18:42:48.206+0300] {taskinstance.py:2076} INFO - Dependencies all met for dep_context=non-requeueable deps ti=<TaskInstance: currency_etl_dag.fetch_and_store_currency scheduled__2025-05-26T14:00:00+00:00 [queued]>
[2025-05-26T18:42:48.209+0300] {taskinstance.py:2076} INFO - Dependencies all met for dep_context=requeueable deps ti=<TaskInstance: currency_etl_dag.fetch_and_store_currency scheduled__2025-05-26T14:00:00+00:00 [queued]>
[2025-05-26T18:42:48.210+0300] {taskinstance.py:2306} INFO - Starting attempt 4 of 4
[2025-05-26T18:42:48.228+0300] {taskinstance.py:2330} INFO - Executing <Task(PythonOperator): fetch_and_store_currency> on 2025-05-26 14:00:00+00:00
[2025-05-26T18:42:48.232+0300] {standard_task_runner.py:63} INFO - Started process 20265 to run task
[2025-05-26T18:42:48.234+0300] {standard_task_runner.py:90} INFO - Running: ['airflow', 'tasks', 'run', 'currency_etl_dag', 'fetch_and_store_currency', 'scheduled__2025-05-26T14:00:00+00:00', '--job-id', '9', '--raw', '--subdir', 'DAGS_FOLDER/currency_dag.py', '--cfg-path', '/tmp/tmpyxa5738r']
[2025-05-26T18:42:48.236+0300] {standard_task_runner.py:91} INFO - Job 9: Subtask fetch_and_store_currency
[2025-05-26T18:42:48.284+0300] {task_command.py:426} INFO - Running <TaskInstance: currency_etl_dag.fetch_and_store_currency scheduled__2025-05-26T14:00:00+00:00 [running]> on host Home.
[2025-05-26T18:42:48.337+0300] {taskinstance.py:2648} INFO - Exporting env vars: AIRFLOW_CTX_DAG_OWNER='airflow' AIRFLOW_CTX_DAG_ID='currency_etl_dag' AIRFLOW_CTX_TASK_ID='fetch_and_store_currency' AIRFLOW_CTX_EXECUTION_DATE='2025-05-26T14:00:00+00:00' AIRFLOW_CTX_TRY_NUMBER='4' AIRFLOW_CTX_DAG_RUN_ID='scheduled__2025-05-26T14:00:00+00:00'
[2025-05-26T18:42:48.339+0300] {taskinstance.py:430} INFO - ::endgroup::
[2025-05-26T18:42:49.242+0300] {taskinstance.py:441} INFO - ::group::Post task execution logs
[2025-05-26T18:42:49.242+0300] {taskinstance.py:2905} ERROR - Task failed with exception
Traceback (most recent call last):
  File "/home/imsim/currency_pipeline/venv/lib/python3.12/site-packages/airflow/models/taskinstance.py", line 465, in _execute_task
    result = _execute_callable(context=context, **execute_callable_kwargs)
             ^^^^^^^^^^^^^^^^^^^^^^^^^^^^^^^^^^^^^^^^^^^^^^^^^^^^^^^^^^^^^
  File "/home/imsim/currency_pipeline/venv/lib/python3.12/site-packages/airflow/models/taskinstance.py", line 432, in _execute_callable
    return execute_callable(context=context, **execute_callable_kwargs)
           ^^^^^^^^^^^^^^^^^^^^^^^^^^^^^^^^^^^^^^^^^^^^^^^^^^^^^^^^^^^^
  File "/home/imsim/currency_pipeline/venv/lib/python3.12/site-packages/airflow/models/baseoperator.py", line 400, in wrapper
    return func(self, *args, **kwargs)
           ^^^^^^^^^^^^^^^^^^^^^^^^^^^
  File "/home/imsim/currency_pipeline/venv/lib/python3.12/site-packages/airflow/operators/python.py", line 235, in execute
    return_value = self.execute_callable()
                   ^^^^^^^^^^^^^^^^^^^^^^^
  File "/home/imsim/currency_pipeline/venv/lib/python3.12/site-packages/airflow/operators/python.py", line 252, in execute_callable
    return self.python_callable(*self.op_args, **self.op_kwargs)
           ^^^^^^^^^^^^^^^^^^^^^^^^^^^^^^^^^^^^^^^^^^^^^^^^^^^^^
  File "/home/imsim/currency_pipeline/airflow/dags/fetch_currency_data.py", line 28, in fetch_and_store_currency
    for currency, rate in data["rates"].items():
                          ~~~~^^^^^^^^^
KeyError: 'rates'
[2025-05-26T18:42:49.248+0300] {taskinstance.py:1206} INFO - Marking task as FAILED. dag_id=currency_etl_dag, task_id=fetch_and_store_currency, run_id=scheduled__2025-05-26T14:00:00+00:00, execution_date=20250526T140000, start_date=20250526T154248, end_date=20250526T154249
[2025-05-26T18:42:49.262+0300] {standard_task_runner.py:110} ERROR - Failed to execute job 9 for task fetch_and_store_currency ('rates'; 20265)
[2025-05-26T18:42:49.293+0300] {local_task_job_runner.py:240} INFO - Task exited with return code 1
[2025-05-26T18:42:49.302+0300] {taskinstance.py:3498} INFO - 0 downstream tasks scheduled from follow-on schedule check
[2025-05-26T18:42:49.302+0300] {local_task_job_runner.py:222} INFO - ::endgroup::
